<?xml version="1.0" encoding="UTF-8"?>
<!-- Generated by org.testng.reporters.JUnitXMLReporter -->
<testsuite hostname="DESKTOP-1JFG128" ignored="0" name="webtesting Test Cases" tests="10" failures="1" timestamp="16 Mar 2020 07:51:52 GMT" time="267.78" errors="0">
  <testcase name="loginPageTitleTest" time="0.383" classname="com.bank.qa.test.LoginPageTest"/>
  <testcase name="giveUnPsdTest" time="0.623" classname="com.bank.qa.test.HomePageTest"/>
  <testcase name="validOwnrName" time="2.415" classname="com.bank.qa.test.HomePageFeaturesTest"/>
  <testcase name="clickOnNewBtn" time="0.233" classname="com.bank.qa.test.ContactTest"/>
  <testcase name="validateTestData" time="5.056" classname="com.bank.qa.test.CreateNewCntTest"/>
  <testcase name="validateTestData" time="3.896" classname="com.bank.qa.test.CreateNewCntTest"/>
  <testcase name="validateTestData" time="5.084" classname="com.bank.qa.test.CreateNewCntTest"/>
  <testcase name="loginPageValidTest" time="0.148" classname="com.bank.qa.test.LoginPageTest"/>
  <testcase name="clickOnContacts" time="1.678" classname="com.bank.qa.test.HomePageFeaturesTest"/>
  <testcase name="checkOName" time="2.847" classname="com.bank.qa.test.HomePageFeaturesTest">
    <failure type="java.lang.AssertionError" message="expected [Nishal Dhashik] but found [sharanya bhiram]">
      <![CDATA[java.lang.AssertionError: expected [Nishal Dhashik] but found [sharanya bhiram]at com.bank.qa.pages.HomePageFeatures.verifyOName(HomePageFeatures.java:35)at com.bank.qa.test.HomePageFeaturesTest.checkOName(HomePageFeaturesTest.java:43)... Removed 31 stack frames]]>
    </failure>
  </testcase> <!-- checkOName -->
</testsuite> <!-- webtesting Test Cases -->
