<?xml version="1.0" encoding="UTF-8"?>
<!-- Generated by org.testng.reporters.JUnitXMLReporter -->
<testsuite hostname="DESKTOP-1JFG128" ignored="0" name="Command line test" tests="10" failures="1" timestamp="16 Mar 2020 08:24:50 GMT" time="426.665" errors="0">
  <testcase name="clickOnNewBtn" time="0.167" classname="com.bank.qa.test.ContactTest"/>
  <testcase name="validateTestData" time="4.285" classname="com.bank.qa.test.CreateNewCntTest"/>
  <testcase name="validateTestData" time="3.424" classname="com.bank.qa.test.CreateNewCntTest"/>
  <testcase name="validateTestData" time="4.344" classname="com.bank.qa.test.CreateNewCntTest"/>
  <testcase name="validOwnrName" time="2.989" classname="com.bank.qa.test.HomePageFeaturesTest"/>
  <testcase name="giveUnPsdTest" time="0.494" classname="com.bank.qa.test.HomePageTest"/>
  <testcase name="loginPageTitleTest" time="0.593" classname="com.bank.qa.test.LoginPageTest"/>
  <testcase name="clickOnContacts" time="1.639" classname="com.bank.qa.test.HomePageFeaturesTest"/>
  <testcase name="loginPageValidTest" time="0.126" classname="com.bank.qa.test.LoginPageTest"/>
  <testcase name="checkOName" time="1.19" classname="com.bank.qa.test.HomePageFeaturesTest">
    <failure type="java.lang.AssertionError" message="expected [Nishal Dhashik] but found [sharanya bhiram]">
      <![CDATA[java.lang.AssertionError: expected [Nishal Dhashik] but found [sharanya bhiram]at com.bank.qa.pages.HomePageFeatures.verifyOName(HomePageFeatures.java:35)at com.bank.qa.test.HomePageFeaturesTest.checkOName(HomePageFeaturesTest.java:43)... Removed 41 stack frames]]>
    </failure>
  </testcase> <!-- checkOName -->
</testsuite> <!-- Command line test -->
