<?xml version="1.0" encoding="UTF-8"?>
<testng-results skipped="0" failed="1" ignored="0" total="10" passed="9">
  <reporter-output>
  </reporter-output>
  <suite name="Command line suite" duration-ms="426665" started-at="2020-03-16T08:17:43Z" finished-at="2020-03-16T08:24:50Z">
    <groups>
    </groups>
    <test name="Command line test" duration-ms="426665" started-at="2020-03-16T08:17:43Z" finished-at="2020-03-16T08:24:50Z">
      <class name="com.bank.qa.test.LoginPageTest">
        <test-method status="PASS" signature="setUp()[pri:0, instance:com.bank.qa.test.LoginPageTest@3567135c]" name="setUp" is-config="true" duration-ms="20712" started-at="2020-03-16T13:52:53Z" finished-at="2020-03-16T13:53:13Z">
          <reporter-output>
          </reporter-output>
        </test-method> <!-- setUp -->
        <test-method status="PASS" signature="loginPageTitleTest()[pri:1, instance:com.bank.qa.test.LoginPageTest@3567135c]" name="loginPageTitleTest" duration-ms="593" started-at="2020-03-16T13:53:13Z" finished-at="2020-03-16T13:53:14Z">
          <reporter-output>
          </reporter-output>
        </test-method> <!-- loginPageTitleTest -->
        <test-method status="PASS" signature="tearDown()[pri:0, instance:com.bank.qa.test.LoginPageTest@3567135c]" name="tearDown" is-config="true" duration-ms="694" started-at="2020-03-16T13:53:14Z" finished-at="2020-03-16T13:53:15Z">
          <reporter-output>
          </reporter-output>
        </test-method> <!-- tearDown -->
        <test-method status="PASS" signature="setUp()[pri:0, instance:com.bank.qa.test.LoginPageTest@3567135c]" name="setUp" is-config="true" duration-ms="17214" started-at="2020-03-16T13:54:01Z" finished-at="2020-03-16T13:54:19Z">
          <reporter-output>
          </reporter-output>
        </test-method> <!-- setUp -->
        <test-method status="PASS" signature="loginPageValidTest()[pri:2, instance:com.bank.qa.test.LoginPageTest@3567135c]" name="loginPageValidTest" duration-ms="126" started-at="2020-03-16T13:54:19Z" finished-at="2020-03-16T13:54:19Z">
          <reporter-output>
          </reporter-output>
        </test-method> <!-- loginPageValidTest -->
        <test-method status="PASS" signature="tearDown()[pri:0, instance:com.bank.qa.test.LoginPageTest@3567135c]" name="tearDown" is-config="true" duration-ms="740" started-at="2020-03-16T13:54:19Z" finished-at="2020-03-16T13:54:19Z">
          <reporter-output>
          </reporter-output>
        </test-method> <!-- tearDown -->
      </class> <!-- com.bank.qa.test.LoginPageTest -->
      <class name="com.bank.qa.test.HomePageFeaturesTest">
        <test-method status="PASS" signature="setUp()[pri:0, instance:com.bank.qa.test.HomePageFeaturesTest@68837a77]" name="setUp" is-config="true" duration-ms="87785" started-at="2020-03-16T13:50:53Z" finished-at="2020-03-16T13:52:20Z">
          <reporter-output>
          </reporter-output>
        </test-method> <!-- setUp -->
        <test-method status="PASS" signature="validOwnrName()[pri:1, instance:com.bank.qa.test.HomePageFeaturesTest@68837a77]" name="validOwnrName" duration-ms="2989" started-at="2020-03-16T13:52:20Z" finished-at="2020-03-16T13:52:23Z">
          <reporter-output>
          </reporter-output>
        </test-method> <!-- validOwnrName -->
        <test-method status="PASS" signature="tearDown()[pri:0, instance:com.bank.qa.test.HomePageFeaturesTest@68837a77]" name="tearDown" is-config="true" duration-ms="771" started-at="2020-03-16T13:52:23Z" finished-at="2020-03-16T13:52:24Z">
          <reporter-output>
          </reporter-output>
        </test-method> <!-- tearDown -->
        <test-method status="PASS" signature="setUp()[pri:0, instance:com.bank.qa.test.HomePageFeaturesTest@68837a77]" name="setUp" is-config="true" duration-ms="44210" started-at="2020-03-16T13:53:15Z" finished-at="2020-03-16T13:53:59Z">
          <reporter-output>
          </reporter-output>
        </test-method> <!-- setUp -->
        <test-method status="PASS" signature="clickOnContacts()[pri:2, instance:com.bank.qa.test.HomePageFeaturesTest@68837a77]" name="clickOnContacts" duration-ms="1639" started-at="2020-03-16T13:53:59Z" finished-at="2020-03-16T13:54:01Z">
          <reporter-output>
          </reporter-output>
        </test-method> <!-- clickOnContacts -->
        <test-method status="PASS" signature="tearDown()[pri:0, instance:com.bank.qa.test.HomePageFeaturesTest@68837a77]" name="tearDown" is-config="true" duration-ms="778" started-at="2020-03-16T13:54:01Z" finished-at="2020-03-16T13:54:01Z">
          <reporter-output>
          </reporter-output>
        </test-method> <!-- tearDown -->
        <test-method status="PASS" signature="setUp()[pri:0, instance:com.bank.qa.test.HomePageFeaturesTest@68837a77]" name="setUp" is-config="true" duration-ms="28463" started-at="2020-03-16T13:54:19Z" finished-at="2020-03-16T13:54:48Z">
          <reporter-output>
          </reporter-output>
        </test-method> <!-- setUp -->
        <test-method status="FAIL" signature="checkOName()[pri:3, instance:com.bank.qa.test.HomePageFeaturesTest@68837a77]" name="checkOName" duration-ms="1190" started-at="2020-03-16T13:54:48Z" finished-at="2020-03-16T13:54:49Z">
          <exception class="java.lang.AssertionError">
            <message>
              <![CDATA[expected [Nishal Dhashik] but found [sharanya bhiram]]]>
            </message>
            <full-stacktrace>
              <![CDATA[java.lang.AssertionError: expected [Nishal Dhashik] but found [sharanya bhiram]at org.testng.Assert.fail(Assert.java:96)at org.testng.Assert.failNotEquals(Assert.java:776)at org.testng.Assert.assertEqualsImpl(Assert.java:137)at org.testng.Assert.assertEquals(Assert.java:118)at org.testng.Assert.assertEquals(Assert.java:453)at org.testng.Assert.assertEquals(Assert.java:463)at com.bank.qa.pages.HomePageFeatures.verifyOName(HomePageFeatures.java:35)at com.bank.qa.test.HomePageFeaturesTest.checkOName(HomePageFeaturesTest.java:43)at sun.reflect.NativeMethodAccessorImpl.invoke0(Native Method)at sun.reflect.NativeMethodAccessorImpl.invoke(NativeMethodAccessorImpl.java:62)at sun.reflect.DelegatingMethodAccessorImpl.invoke(DelegatingMethodAccessorImpl.java:43)at java.lang.reflect.Method.invoke(Method.java:498)at org.testng.internal.MethodInvocationHelper.invokeMethod(MethodInvocationHelper.java:124)at org.testng.internal.Invoker.invokeMethod(Invoker.java:571)at org.testng.internal.Invoker.invokeTestMethod(Invoker.java:707)at org.testng.internal.Invoker.invokeTestMethods(Invoker.java:979)at org.testng.internal.TestMethodWorker.invokeTestMethods(TestMethodWorker.java:125)at org.testng.internal.TestMethodWorker.run(TestMethodWorker.java:109)at org.testng.TestRunner.privateRun(TestRunner.java:648)at org.testng.TestRunner.run(TestRunner.java:505)at org.testng.SuiteRunner.runTest(SuiteRunner.java:455)at org.testng.SuiteRunner.runSequentially(SuiteRunner.java:450)at org.testng.SuiteRunner.privateRun(SuiteRunner.java:415)at org.testng.SuiteRunner.run(SuiteRunner.java:364)at org.testng.SuiteRunnerWorker.runSuite(SuiteRunnerWorker.java:52)at org.testng.SuiteRunnerWorker.run(SuiteRunnerWorker.java:84)at org.testng.TestNG.runSuitesSequentially(TestNG.java:1187)at org.testng.TestNG.runSuitesLocally(TestNG.java:1116)at org.testng.TestNG.runSuites(TestNG.java:1028)at org.testng.TestNG.run(TestNG.java:996)at org.apache.maven.surefire.testng.TestNGExecutor.run(TestNGExecutor.java:77)at org.apache.maven.surefire.testng.TestNGDirectoryTestSuite.executeMulti(TestNGDirectoryTestSuite.java:159)at org.apache.maven.surefire.testng.TestNGDirectoryTestSuite.execute(TestNGDirectoryTestSuite.java:99)at org.apache.maven.surefire.testng.TestNGProvider.invoke(TestNGProvider.java:106)at sun.reflect.NativeMethodAccessorImpl.invoke0(Native Method)at sun.reflect.NativeMethodAccessorImpl.invoke(NativeMethodAccessorImpl.java:62)at sun.reflect.DelegatingMethodAccessorImpl.invoke(DelegatingMethodAccessorImpl.java:43)at java.lang.reflect.Method.invoke(Method.java:498)at org.apache.maven.surefire.util.ReflectionUtils.invokeMethodWithArray(ReflectionUtils.java:189)at org.apache.maven.surefire.booter.ProviderFactory$ProviderProxy.invoke(ProviderFactory.java:165)at org.apache.maven.surefire.booter.ProviderFactory.invokeProvider(ProviderFactory.java:85)at org.apache.maven.surefire.booter.ForkedBooter.runSuitesInProcess(ForkedBooter.java:115)at org.apache.maven.surefire.booter.ForkedBooter.main(ForkedBooter.java:75)]]>
            </full-stacktrace>
          </exception> <!-- java.lang.AssertionError -->
          <reporter-output>
          </reporter-output>
        </test-method> <!-- checkOName -->
        <test-method status="PASS" signature="tearDown()[pri:0, instance:com.bank.qa.test.HomePageFeaturesTest@68837a77]" name="tearDown" is-config="true" duration-ms="692" started-at="2020-03-16T13:54:49Z" finished-at="2020-03-16T13:54:50Z">
          <reporter-output>
          </reporter-output>
        </test-method> <!-- tearDown -->
      </class> <!-- com.bank.qa.test.HomePageFeaturesTest -->
      <class name="com.bank.qa.test.CreateNewCntTest">
        <test-method status="PASS" signature="setUp()[pri:0, instance:com.bank.qa.test.CreateNewCntTest@2d554825]" name="setUp" is-config="true" duration-ms="64723" started-at="2020-03-16T13:48:26Z" finished-at="2020-03-16T13:49:30Z">
          <reporter-output>
          </reporter-output>
        </test-method> <!-- setUp -->
        <test-method status="PASS" signature="validateTestData(java.lang.String, java.lang.String, java.lang.String, java.lang.String)[pri:1, instance:com.bank.qa.test.CreateNewCntTest@2d554825]" name="validateTestData" duration-ms="4285" started-at="2020-03-16T13:49:30Z" data-provider="Authentication" finished-at="2020-03-16T13:49:35Z">
          <params>
            <param index="0">
              <value>
                <![CDATA[Sharanya]]>
              </value>
            </param>
            <param index="1">
              <value>
                <![CDATA[Bhim]]>
              </value>
            </param>
            <param index="2">
              <value>
                <![CDATA[Saiyre]]>
              </value>
            </param>
            <param index="3">
              <value>
                <![CDATA[Infosys]]>
              </value>
            </param>
          </params>
          <reporter-output>
          </reporter-output>
        </test-method> <!-- validateTestData -->
        <test-method status="PASS" signature="tearDown()[pri:0, instance:com.bank.qa.test.CreateNewCntTest@2d554825]" name="tearDown" is-config="true" duration-ms="833" started-at="2020-03-16T13:49:35Z" finished-at="2020-03-16T13:49:36Z">
          <reporter-output>
          </reporter-output>
        </test-method> <!-- tearDown -->
        <test-method status="PASS" signature="setUp()[pri:0, instance:com.bank.qa.test.CreateNewCntTest@2d554825]" name="setUp" is-config="true" duration-ms="30805" started-at="2020-03-16T13:49:36Z" finished-at="2020-03-16T13:50:06Z">
          <reporter-output>
          </reporter-output>
        </test-method> <!-- setUp -->
        <test-method status="PASS" signature="validateTestData(java.lang.String, java.lang.String, java.lang.String, java.lang.String)[pri:1, instance:com.bank.qa.test.CreateNewCntTest@2d554825]" name="validateTestData" duration-ms="3424" started-at="2020-03-16T13:50:06Z" data-provider="Authentication" finished-at="2020-03-16T13:50:10Z">
          <params>
            <param index="0">
              <value>
                <![CDATA[Nicklesh]]>
              </value>
            </param>
            <param index="1">
              <value>
                <![CDATA[Jev]]>
              </value>
            </param>
            <param index="2">
              <value>
                <![CDATA[Kumar]]>
              </value>
            </param>
            <param index="3">
              <value>
                <![CDATA[Deliotte]]>
              </value>
            </param>
          </params>
          <reporter-output>
          </reporter-output>
        </test-method> <!-- validateTestData -->
        <test-method status="PASS" signature="tearDown()[pri:0, instance:com.bank.qa.test.CreateNewCntTest@2d554825]" name="tearDown" is-config="true" duration-ms="829" started-at="2020-03-16T13:50:10Z" finished-at="2020-03-16T13:50:11Z">
          <reporter-output>
          </reporter-output>
        </test-method> <!-- tearDown -->
        <test-method status="PASS" signature="setUp()[pri:0, instance:com.bank.qa.test.CreateNewCntTest@2d554825]" name="setUp" is-config="true" duration-ms="36702" started-at="2020-03-16T13:50:11Z" finished-at="2020-03-16T13:50:47Z">
          <reporter-output>
          </reporter-output>
        </test-method> <!-- setUp -->
        <test-method status="PASS" signature="validateTestData(java.lang.String, java.lang.String, java.lang.String, java.lang.String)[pri:1, instance:com.bank.qa.test.CreateNewCntTest@2d554825]" name="validateTestData" duration-ms="4344" started-at="2020-03-16T13:50:47Z" data-provider="Authentication" finished-at="2020-03-16T13:50:52Z">
          <params>
            <param index="0">
              <value>
                <![CDATA[Nishal]]>
              </value>
            </param>
            <param index="1">
              <value>
                <![CDATA[Jev]]>
              </value>
            </param>
            <param index="2">
              <value>
                <![CDATA[Dharshik]]>
              </value>
            </param>
            <param index="3">
              <value>
                <![CDATA[FaceBook]]>
              </value>
            </param>
          </params>
          <reporter-output>
          </reporter-output>
        </test-method> <!-- validateTestData -->
        <test-method status="PASS" signature="tearDown()[pri:0, instance:com.bank.qa.test.CreateNewCntTest@2d554825]" name="tearDown" is-config="true" duration-ms="891" started-at="2020-03-16T13:50:52Z" finished-at="2020-03-16T13:50:53Z">
          <reporter-output>
          </reporter-output>
        </test-method> <!-- tearDown -->
      </class> <!-- com.bank.qa.test.CreateNewCntTest -->
      <class name="com.bank.qa.test.HomePageTest">
        <test-method status="PASS" signature="setUp()[pri:0, instance:com.bank.qa.test.HomePageTest@6be46e8f]" name="setUp" is-config="true" duration-ms="27265" started-at="2020-03-16T13:52:24Z" finished-at="2020-03-16T13:52:51Z">
          <reporter-output>
          </reporter-output>
        </test-method> <!-- setUp -->
        <test-method status="PASS" signature="giveUnPsdTest()[pri:1, instance:com.bank.qa.test.HomePageTest@6be46e8f]" name="giveUnPsdTest" duration-ms="494" started-at="2020-03-16T13:52:51Z" finished-at="2020-03-16T13:52:52Z">
          <reporter-output>
          </reporter-output>
        </test-method> <!-- giveUnPsdTest -->
        <test-method status="PASS" signature="tearDown()[pri:0, instance:com.bank.qa.test.HomePageTest@6be46e8f]" name="tearDown" is-config="true" duration-ms="782" started-at="2020-03-16T13:52:52Z" finished-at="2020-03-16T13:52:53Z">
          <reporter-output>
          </reporter-output>
        </test-method> <!-- tearDown -->
      </class> <!-- com.bank.qa.test.HomePageTest -->
      <class name="com.bank.qa.test.ContactTest">
        <test-method status="PASS" signature="setUp()[pri:0, instance:com.bank.qa.test.ContactTest@77b52d12]" name="setUp" is-config="true" duration-ms="39272" started-at="2020-03-16T13:47:43Z" finished-at="2020-03-16T13:48:23Z">
          <reporter-output>
          </reporter-output>
        </test-method> <!-- setUp -->
        <test-method status="PASS" signature="clickOnNewBtn()[pri:1, instance:com.bank.qa.test.ContactTest@77b52d12]" name="clickOnNewBtn" duration-ms="167" started-at="2020-03-16T13:48:23Z" finished-at="2020-03-16T13:48:23Z">
          <reporter-output>
          </reporter-output>
        </test-method> <!-- clickOnNewBtn -->
        <test-method status="PASS" signature="tearDown()[pri:0, instance:com.bank.qa.test.ContactTest@77b52d12]" name="tearDown" is-config="true" duration-ms="1276" started-at="2020-03-16T13:48:23Z" finished-at="2020-03-16T13:48:24Z">
          <reporter-output>
          </reporter-output>
        </test-method> <!-- tearDown -->
      </class> <!-- com.bank.qa.test.ContactTest -->
    </test> <!-- Command line test -->
  </suite> <!-- Command line suite -->
</testng-results>
