<?xml version="1.0" encoding="UTF-8"?>
<testng-results skipped="0" failed="1" ignored="0" total="10" passed="9">
  <reporter-output>
  </reporter-output>
  <suite name="FREE CRM Application Test Automation Test Suite" duration-ms="267780" started-at="2020-03-16T07:47:24Z" finished-at="2020-03-16T07:51:52Z">
    <groups>
    </groups>
    <test name="webtesting Test Cases" duration-ms="267780" started-at="2020-03-16T07:47:24Z" finished-at="2020-03-16T07:51:52Z">
      <class name="com.bank.qa.test.LoginPageTest">
        <test-method status="PASS" signature="setUp()[pri:0, instance:com.bank.qa.test.LoginPageTest@42e26948]" name="setUp" is-config="true" duration-ms="18491" started-at="2020-03-16T13:17:24Z" finished-at="2020-03-16T13:17:42Z">
          <reporter-output>
          </reporter-output>
        </test-method> <!-- setUp -->
        <test-method status="PASS" signature="loginPageTitleTest()[pri:1, instance:com.bank.qa.test.LoginPageTest@42e26948]" name="loginPageTitleTest" duration-ms="383" started-at="2020-03-16T13:17:42Z" finished-at="2020-03-16T13:17:43Z">
          <reporter-output>
          </reporter-output>
        </test-method> <!-- loginPageTitleTest -->
        <test-method status="PASS" signature="tearDown()[pri:0, instance:com.bank.qa.test.LoginPageTest@42e26948]" name="tearDown" is-config="true" duration-ms="894" started-at="2020-03-16T13:17:43Z" finished-at="2020-03-16T13:17:44Z">
          <reporter-output>
          </reporter-output>
        </test-method> <!-- tearDown -->
        <test-method status="PASS" signature="setUp()[pri:0, instance:com.bank.qa.test.LoginPageTest@42e26948]" name="setUp" is-config="true" duration-ms="25287" started-at="2020-03-16T13:20:35Z" finished-at="2020-03-16T13:21:01Z">
          <reporter-output>
          </reporter-output>
        </test-method> <!-- setUp -->
        <test-method status="PASS" signature="loginPageValidTest()[pri:2, instance:com.bank.qa.test.LoginPageTest@42e26948]" name="loginPageValidTest" duration-ms="148" started-at="2020-03-16T13:21:01Z" finished-at="2020-03-16T13:21:01Z">
          <reporter-output>
          </reporter-output>
        </test-method> <!-- loginPageValidTest -->
        <test-method status="PASS" signature="tearDown()[pri:0, instance:com.bank.qa.test.LoginPageTest@42e26948]" name="tearDown" is-config="true" duration-ms="1122" started-at="2020-03-16T13:21:01Z" finished-at="2020-03-16T13:21:02Z">
          <reporter-output>
          </reporter-output>
        </test-method> <!-- tearDown -->
      </class> <!-- com.bank.qa.test.LoginPageTest -->
      <class name="com.bank.qa.test.HomePageFeaturesTest">
        <test-method status="PASS" signature="setUp()[pri:0, instance:com.bank.qa.test.HomePageFeaturesTest@343f4d3d]" name="setUp" is-config="true" duration-ms="21886" started-at="2020-03-16T13:18:07Z" finished-at="2020-03-16T13:18:29Z">
          <reporter-output>
          </reporter-output>
        </test-method> <!-- setUp -->
        <test-method status="PASS" signature="validOwnrName()[pri:1, instance:com.bank.qa.test.HomePageFeaturesTest@343f4d3d]" name="validOwnrName" duration-ms="2415" started-at="2020-03-16T13:18:29Z" finished-at="2020-03-16T13:18:31Z">
          <reporter-output>
          </reporter-output>
        </test-method> <!-- validOwnrName -->
        <test-method status="PASS" signature="tearDown()[pri:0, instance:com.bank.qa.test.HomePageFeaturesTest@343f4d3d]" name="tearDown" is-config="true" duration-ms="917" started-at="2020-03-16T13:18:31Z" finished-at="2020-03-16T13:18:32Z">
          <reporter-output>
          </reporter-output>
        </test-method> <!-- tearDown -->
        <test-method status="PASS" signature="setUp()[pri:0, instance:com.bank.qa.test.HomePageFeaturesTest@343f4d3d]" name="setUp" is-config="true" duration-ms="19477" started-at="2020-03-16T13:21:02Z" finished-at="2020-03-16T13:21:21Z">
          <reporter-output>
          </reporter-output>
        </test-method> <!-- setUp -->
        <test-method status="PASS" signature="clickOnContacts()[pri:2, instance:com.bank.qa.test.HomePageFeaturesTest@343f4d3d]" name="clickOnContacts" duration-ms="1678" started-at="2020-03-16T13:21:21Z" finished-at="2020-03-16T13:21:23Z">
          <reporter-output>
          </reporter-output>
        </test-method> <!-- clickOnContacts -->
        <test-method status="PASS" signature="tearDown()[pri:0, instance:com.bank.qa.test.HomePageFeaturesTest@343f4d3d]" name="tearDown" is-config="true" duration-ms="853" started-at="2020-03-16T13:21:23Z" finished-at="2020-03-16T13:21:24Z">
          <reporter-output>
          </reporter-output>
        </test-method> <!-- tearDown -->
        <test-method status="PASS" signature="setUp()[pri:0, instance:com.bank.qa.test.HomePageFeaturesTest@343f4d3d]" name="setUp" is-config="true" duration-ms="23412" started-at="2020-03-16T13:21:24Z" finished-at="2020-03-16T13:21:47Z">
          <reporter-output>
          </reporter-output>
        </test-method> <!-- setUp -->
        <test-method status="FAIL" signature="checkOName()[pri:3, instance:com.bank.qa.test.HomePageFeaturesTest@343f4d3d]" name="checkOName" duration-ms="2847" started-at="2020-03-16T13:21:47Z" finished-at="2020-03-16T13:21:50Z">
          <exception class="java.lang.AssertionError">
            <message>
              <![CDATA[expected [Nishal Dhashik] but found [sharanya bhiram]]]>
            </message>
            <full-stacktrace>
              <![CDATA[java.lang.AssertionError: expected [Nishal Dhashik] but found [sharanya bhiram]at org.testng.Assert.fail(Assert.java:96)at org.testng.Assert.failNotEquals(Assert.java:776)at org.testng.Assert.assertEqualsImpl(Assert.java:137)at org.testng.Assert.assertEquals(Assert.java:118)at org.testng.Assert.assertEquals(Assert.java:453)at org.testng.Assert.assertEquals(Assert.java:463)at com.bank.qa.pages.HomePageFeatures.verifyOName(HomePageFeatures.java:35)at com.bank.qa.test.HomePageFeaturesTest.checkOName(HomePageFeaturesTest.java:43)at sun.reflect.NativeMethodAccessorImpl.invoke0(Native Method)at sun.reflect.NativeMethodAccessorImpl.invoke(Unknown Source)at sun.reflect.DelegatingMethodAccessorImpl.invoke(Unknown Source)at java.lang.reflect.Method.invoke(Unknown Source)at org.testng.internal.MethodInvocationHelper.invokeMethod(MethodInvocationHelper.java:124)at org.testng.internal.Invoker.invokeMethod(Invoker.java:571)at org.testng.internal.Invoker.invokeTestMethod(Invoker.java:707)at org.testng.internal.Invoker.invokeTestMethods(Invoker.java:979)at org.testng.internal.TestMethodWorker.invokeTestMethods(TestMethodWorker.java:125)at org.testng.internal.TestMethodWorker.run(TestMethodWorker.java:109)at org.testng.TestRunner.privateRun(TestRunner.java:648)at org.testng.TestRunner.run(TestRunner.java:505)at org.testng.SuiteRunner.runTest(SuiteRunner.java:455)at org.testng.SuiteRunner.runSequentially(SuiteRunner.java:450)at org.testng.SuiteRunner.privateRun(SuiteRunner.java:415)at org.testng.SuiteRunner.run(SuiteRunner.java:364)at org.testng.SuiteRunnerWorker.runSuite(SuiteRunnerWorker.java:52)at org.testng.SuiteRunnerWorker.run(SuiteRunnerWorker.java:84)at org.testng.TestNG.runSuitesSequentially(TestNG.java:1187)at org.testng.TestNG.runSuitesLocally(TestNG.java:1116)at org.testng.TestNG.runSuites(TestNG.java:1028)at org.testng.TestNG.run(TestNG.java:996)at org.testng.remote.AbstractRemoteTestNG.run(AbstractRemoteTestNG.java:114)at org.testng.remote.RemoteTestNG.initAndRun(RemoteTestNG.java:251)at org.testng.remote.RemoteTestNG.main(RemoteTestNG.java:77)]]>
            </full-stacktrace>
          </exception> <!-- java.lang.AssertionError -->
          <reporter-output>
          </reporter-output>
        </test-method> <!-- checkOName -->
        <test-method status="PASS" signature="tearDown()[pri:0, instance:com.bank.qa.test.HomePageFeaturesTest@343f4d3d]" name="tearDown" is-config="true" duration-ms="1129" started-at="2020-03-16T13:21:51Z" finished-at="2020-03-16T13:21:52Z">
          <reporter-output>
          </reporter-output>
        </test-method> <!-- tearDown -->
      </class> <!-- com.bank.qa.test.HomePageFeaturesTest -->
      <class name="com.bank.qa.test.CreateNewCntTest">
        <test-method status="PASS" signature="setUp()[pri:0, instance:com.bank.qa.test.CreateNewCntTest@5442a311]" name="setUp" is-config="true" duration-ms="25925" started-at="2020-03-16T13:19:02Z" finished-at="2020-03-16T13:19:28Z">
          <reporter-output>
          </reporter-output>
        </test-method> <!-- setUp -->
        <test-method status="PASS" signature="validateTestData(java.lang.String, java.lang.String, java.lang.String, java.lang.String)[pri:1, instance:com.bank.qa.test.CreateNewCntTest@5442a311]" name="validateTestData" duration-ms="5056" started-at="2020-03-16T13:19:28Z" data-provider="Authentication" finished-at="2020-03-16T13:19:33Z">
          <params>
            <param index="0">
              <value>
                <![CDATA[Sharanya]]>
              </value>
            </param>
            <param index="1">
              <value>
                <![CDATA[Bhim]]>
              </value>
            </param>
            <param index="2">
              <value>
                <![CDATA[Saiyre]]>
              </value>
            </param>
            <param index="3">
              <value>
                <![CDATA[Infosys]]>
              </value>
            </param>
          </params>
          <reporter-output>
          </reporter-output>
        </test-method> <!-- validateTestData -->
        <test-method status="PASS" signature="tearDown()[pri:0, instance:com.bank.qa.test.CreateNewCntTest@5442a311]" name="tearDown" is-config="true" duration-ms="1043" started-at="2020-03-16T13:19:33Z" finished-at="2020-03-16T13:19:34Z">
          <reporter-output>
          </reporter-output>
        </test-method> <!-- tearDown -->
        <test-method status="PASS" signature="setUp()[pri:0, instance:com.bank.qa.test.CreateNewCntTest@5442a311]" name="setUp" is-config="true" duration-ms="24339" started-at="2020-03-16T13:19:34Z" finished-at="2020-03-16T13:19:59Z">
          <reporter-output>
          </reporter-output>
        </test-method> <!-- setUp -->
        <test-method status="PASS" signature="validateTestData(java.lang.String, java.lang.String, java.lang.String, java.lang.String)[pri:1, instance:com.bank.qa.test.CreateNewCntTest@5442a311]" name="validateTestData" duration-ms="3896" started-at="2020-03-16T13:19:59Z" data-provider="Authentication" finished-at="2020-03-16T13:20:02Z">
          <params>
            <param index="0">
              <value>
                <![CDATA[Nicklesh]]>
              </value>
            </param>
            <param index="1">
              <value>
                <![CDATA[Jev]]>
              </value>
            </param>
            <param index="2">
              <value>
                <![CDATA[Kumar]]>
              </value>
            </param>
            <param index="3">
              <value>
                <![CDATA[Deliotte]]>
              </value>
            </param>
          </params>
          <reporter-output>
          </reporter-output>
        </test-method> <!-- validateTestData -->
        <test-method status="PASS" signature="tearDown()[pri:0, instance:com.bank.qa.test.CreateNewCntTest@5442a311]" name="tearDown" is-config="true" duration-ms="913" started-at="2020-03-16T13:20:02Z" finished-at="2020-03-16T13:20:03Z">
          <reporter-output>
          </reporter-output>
        </test-method> <!-- tearDown -->
        <test-method status="PASS" signature="setUp()[pri:0, instance:com.bank.qa.test.CreateNewCntTest@5442a311]" name="setUp" is-config="true" duration-ms="25638" started-at="2020-03-16T13:20:03Z" finished-at="2020-03-16T13:20:29Z">
          <reporter-output>
          </reporter-output>
        </test-method> <!-- setUp -->
        <test-method status="PASS" signature="validateTestData(java.lang.String, java.lang.String, java.lang.String, java.lang.String)[pri:1, instance:com.bank.qa.test.CreateNewCntTest@5442a311]" name="validateTestData" duration-ms="5084" started-at="2020-03-16T13:20:29Z" data-provider="Authentication" finished-at="2020-03-16T13:20:34Z">
          <params>
            <param index="0">
              <value>
                <![CDATA[Nishal]]>
              </value>
            </param>
            <param index="1">
              <value>
                <![CDATA[Jev]]>
              </value>
            </param>
            <param index="2">
              <value>
                <![CDATA[Dharshik]]>
              </value>
            </param>
            <param index="3">
              <value>
                <![CDATA[FaceBook]]>
              </value>
            </param>
          </params>
          <reporter-output>
          </reporter-output>
        </test-method> <!-- validateTestData -->
        <test-method status="PASS" signature="tearDown()[pri:0, instance:com.bank.qa.test.CreateNewCntTest@5442a311]" name="tearDown" is-config="true" duration-ms="1320" started-at="2020-03-16T13:20:34Z" finished-at="2020-03-16T13:20:35Z">
          <reporter-output>
          </reporter-output>
        </test-method> <!-- tearDown -->
      </class> <!-- com.bank.qa.test.CreateNewCntTest -->
      <class name="com.bank.qa.test.HomePageTest">
        <test-method status="PASS" signature="setUp()[pri:0, instance:com.bank.qa.test.HomePageTest@57baeedf]" name="setUp" is-config="true" duration-ms="21457" started-at="2020-03-16T13:17:44Z" finished-at="2020-03-16T13:18:05Z">
          <reporter-output>
          </reporter-output>
        </test-method> <!-- setUp -->
        <test-method status="PASS" signature="giveUnPsdTest()[pri:1, instance:com.bank.qa.test.HomePageTest@57baeedf]" name="giveUnPsdTest" duration-ms="623" started-at="2020-03-16T13:18:05Z" finished-at="2020-03-16T13:18:06Z">
          <reporter-output>
          </reporter-output>
        </test-method> <!-- giveUnPsdTest -->
        <test-method status="PASS" signature="tearDown()[pri:0, instance:com.bank.qa.test.HomePageTest@57baeedf]" name="tearDown" is-config="true" duration-ms="913" started-at="2020-03-16T13:18:06Z" finished-at="2020-03-16T13:18:07Z">
          <reporter-output>
          </reporter-output>
        </test-method> <!-- tearDown -->
      </class> <!-- com.bank.qa.test.HomePageTest -->
      <class name="com.bank.qa.test.ContactTest">
        <test-method status="PASS" signature="setUp()[pri:0, instance:com.bank.qa.test.ContactTest@53b32d7]" name="setUp" is-config="true" duration-ms="24478" started-at="2020-03-16T13:18:32Z" finished-at="2020-03-16T13:18:56Z">
          <reporter-output>
          </reporter-output>
        </test-method> <!-- setUp -->
        <test-method status="PASS" signature="clickOnNewBtn()[pri:1, instance:com.bank.qa.test.ContactTest@53b32d7]" name="clickOnNewBtn" duration-ms="233" started-at="2020-03-16T13:18:56Z" finished-at="2020-03-16T13:18:57Z">
          <reporter-output>
          </reporter-output>
        </test-method> <!-- clickOnNewBtn -->
        <test-method status="PASS" signature="tearDown()[pri:0, instance:com.bank.qa.test.ContactTest@53b32d7]" name="tearDown" is-config="true" duration-ms="1477" started-at="2020-03-16T13:18:57Z" finished-at="2020-03-16T13:18:58Z">
          <reporter-output>
          </reporter-output>
        </test-method> <!-- tearDown -->
      </class> <!-- com.bank.qa.test.ContactTest -->
    </test> <!-- webtesting Test Cases -->
  </suite> <!-- FREE CRM Application Test Automation Test Suite -->
</testng-results>
